[2022-03-23 08:29:33,958] {taskinstance.py:669} INFO - Dependencies all met for <TaskInstance: bigquery_data_load.create_table 2022-03-23T08:29:02.653740+00:00 [queued]>
[2022-03-23 08:29:34,034] {taskinstance.py:669} INFO - Dependencies all met for <TaskInstance: bigquery_data_load.create_table 2022-03-23T08:29:02.653740+00:00 [queued]>
[2022-03-23 08:29:34,035] {taskinstance.py:879} INFO - 
--------------------------------------------------------------------------------
[2022-03-23 08:29:34,036] {taskinstance.py:880} INFO - Starting attempt 1 of 1
[2022-03-23 08:29:34,037] {taskinstance.py:881} INFO - 
--------------------------------------------------------------------------------
[2022-03-23 08:29:34,232] {taskinstance.py:900} INFO - Executing <Task(BigQueryOperator): create_table> on 2022-03-23T08:29:02.653740+00:00
[2022-03-23 08:29:34,238] {standard_task_runner.py:53} INFO - Started process 6970 to run task
[2022-03-23 08:29:34,803] {logging_mixin.py:112} INFO - Running %s on host %s <TaskInstance: bigquery_data_load.create_table 2022-03-23T08:29:02.653740+00:00 [running]> DESKTOP-NRCNVOU.localdomain
[2022-03-23 08:29:34,887] {bigquery_operator.py:252} INFO - Executing: 
    SELECT * except (rank)
    FROM ( 
        SELECT 
            *,
            ROW_NUMBER() OVER (
                PARTITION BY vehicle_id ORDER BY DATETIME(date, Time(hour, minute, 0)) DESC 
            ) as rank 
        FROM `dmc-airflow-tutorial-demo.vehicle_analytics.history`
        ) as latest
    WHERE rank = 1 ;
    
[2022-03-23 08:29:35,720] {logging_mixin.py:112} INFO - [2022-03-23 08:29:35,719] {bigquery_hook.py:1346} INFO - Waiting for job to complete : dmc-airflow-tutorial-demo, job_mFqYcSLLFzylkpEeM3W5CtJ889z-
[2022-03-23 08:29:41,341] {taskinstance.py:1052} INFO - Marking task as SUCCESS.dag_id=bigquery_data_load, task_id=create_table, execution_date=20220323T082902, start_date=20220323T082933, end_date=20220323T082941
[2022-03-23 08:29:43,819] {logging_mixin.py:112} INFO - [2022-03-23 08:29:43,819] {local_task_job.py:103} INFO - Task exited with return code 0
