[2022-03-08 10:31:18,113] {taskinstance.py:669} INFO - Dependencies all met for <TaskInstance: bigquery_data_load.load_data 2022-03-08T10:30:57.872748+00:00 [queued]>
[2022-03-08 10:31:18,410] {taskinstance.py:669} INFO - Dependencies all met for <TaskInstance: bigquery_data_load.load_data 2022-03-08T10:30:57.872748+00:00 [queued]>
[2022-03-08 10:31:18,412] {taskinstance.py:879} INFO - 
--------------------------------------------------------------------------------
[2022-03-08 10:31:18,413] {taskinstance.py:880} INFO - Starting attempt 1 of 1
[2022-03-08 10:31:18,414] {taskinstance.py:881} INFO - 
--------------------------------------------------------------------------------
[2022-03-08 10:31:18,837] {taskinstance.py:900} INFO - Executing <Task(GoogleCloudStorageToBigQueryOperator): load_data> on 2022-03-08T10:30:57.872748+00:00
[2022-03-08 10:31:18,861] {standard_task_runner.py:53} INFO - Started process 23175 to run task
[2022-03-08 10:31:20,603] {logging_mixin.py:112} INFO - Running %s on host %s <TaskInstance: bigquery_data_load.load_data 2022-03-08T10:30:57.872748+00:00 [running]> DESKTOP-NRCNVOU.localdomain
[2022-03-08 10:31:20,895] {logging_mixin.py:112} INFO - [2022-03-08 10:31:20,894] {gcp_api_base_hook.py:146} INFO - Getting connection using `google.auth.default()` since no key file is defined for hook.
[2022-03-08 10:31:21,853] {taskinstance.py:1145} ERROR - INTERNAL: No default project is specified
Traceback (most recent call last):
  File "/home/collid/.local/lib/python3.8/site-packages/airflow/models/taskinstance.py", line 983, in _run_raw_task
    result = task_copy.execute(context=context)
  File "/home/collid/.local/lib/python3.8/site-packages/airflow/contrib/operators/gcs_to_bq.py", line 268, in execute
    cursor.run_load(
  File "/home/collid/.local/lib/python3.8/site-packages/airflow/contrib/hooks/bigquery_hook.py", line 1210, in run_load
    _split_tablename(table_input=destination_project_dataset_table,
  File "/home/collid/.local/lib/python3.8/site-packages/airflow/contrib/hooks/bigquery_hook.py", line 2189, in _split_tablename
    raise ValueError("INTERNAL: No default project is specified")
ValueError: INTERNAL: No default project is specified
[2022-03-08 10:31:21,859] {taskinstance.py:1189} INFO - Marking task as FAILED.dag_id=bigquery_data_load, task_id=load_data, execution_date=20220308T103057, start_date=20220308T103118, end_date=20220308T103121
[2022-03-08 10:31:27,209] {logging_mixin.py:112} INFO - [2022-03-08 10:31:27,208] {local_task_job.py:103} INFO - Task exited with return code 1
